=================================================================
 -> Container online! Inspecting internal hardware attachments...
=================================================================
Tue Jul 21 02:04:32 2026       
+---------------------------------------------------------------------------------------+
| NVIDIA-SMI 535.309.01             Driver Version: 535.309.01   CUDA Version: 12.4     |
|-----------------------------------------+----------------------+----------------------+
| GPU  Name                 Persistence-M | Bus-Id        Disp.A | Volatile Uncorr. ECC |
| Fan  Temp   Perf          Pwr:Usage/Cap |         Memory-Usage | GPU-Util  Compute M. |
|                                         |                      |               MIG M. |
|=========================================+======================+======================|
|   0  NVIDIA L4                      Off | 00000000:00:03.0 Off |                    0 |
| N/A   66C    P0              29W /  72W |      0MiB / 23034MiB |      2%      Default |
|                                         |                      |                  N/A |
+-----------------------------------------+----------------------+----------------------+
|   1  NVIDIA L4                      Off | 00000000:00:04.0 Off |                    0 |
| N/A   61C    P8              19W /  72W |      0MiB / 23034MiB |      0%      Default |
|                                         |                      |                  N/A |
+-----------------------------------------+----------------------+----------------------+
|   2  NVIDIA L4                      Off | 00000000:00:05.0 Off |                    0 |
| N/A   57C    P8              19W /  72W |      0MiB / 23034MiB |      0%      Default |
|                                         |                      |                  N/A |
+-----------------------------------------+----------------------+----------------------+
|   3  NVIDIA L4                      Off | 00000000:00:06.0 Off |                    0 |
| N/A   56C    P8              18W /  72W |      0MiB / 23034MiB |      0%      Default |
|                                         |                      |                  N/A |
+-----------------------------------------+----------------------+----------------------+
|   4  NVIDIA L4                      Off | 00000000:80:00.0 Off |                    0 |
| N/A   58C    P8              19W /  72W |      0MiB / 23034MiB |      0%      Default |
|                                         |                      |                  N/A |
+-----------------------------------------+----------------------+----------------------+
|   5  NVIDIA L4                      Off | 00000000:80:01.0 Off |                    0 |
| N/A   56C    P8              17W /  72W |      0MiB / 23034MiB |      0%      Default |
|                                         |                      |                  N/A |
+-----------------------------------------+----------------------+----------------------+
|   6  NVIDIA L4                      Off | 00000000:80:02.0 Off |                    0 |
| N/A   66C    P8              20W /  72W |      0MiB / 23034MiB |      0%      Default |
|                                         |                      |                  N/A |
+-----------------------------------------+----------------------+----------------------+
|   7  NVIDIA L4                      Off | 00000000:80:03.0 Off |                    0 |
| N/A   56C    P8              18W /  72W |      0MiB / 23034MiB |      0%      Default |
|                                         |                      |                  N/A |
+-----------------------------------------+----------------------+----------------------+
                                                                                         
+---------------------------------------------------------------------------------------+
| Processes:                                                                            |
|  GPU   GI   CI        PID   Type   Process name                            GPU Memory |
|        ID   ID                                                             Usage      |
|=======================================================================================|
|  No running processes found                                                           |
+---------------------------------------------------------------------------------------+
